[11-Oct-2018 06:33:37 UTC] PHP Warning:  Division by zero in /home/nt67/Documents/php/perfect_php/sand/hoge.php on line 18
[11-Oct-2018 06:33:37 UTC] PHP Warning:  だめです in /home/nt67/Documents/php/perfect_php/sand/hoge.php on line 34
[11-Oct-2018 06:33:37 UTC] PHP Notice:  おきをつけください in /home/nt67/Documents/php/perfect_php/sand/hoge.php on line 38
[11-Oct-2018 06:33:37 UTC] PHP Warning:  Invalid error type specified in /home/nt67/Documents/php/perfect_php/sand/hoge.php on line 42
[11-Oct-2018 06:33:37 UTC] PHP Fatal error:  だめです in /home/nt67/Documents/php/perfect_php/sand/hoge.php on line 46
[11-Oct-2018 07:36:38 UTC] PHP Parse error:  syntax error, unexpected 'echo' (T_ECHO), expecting ',' or ';' in /home/nt67/Documents/php/perfect_php/sand/variables.php on line 7
[11-Oct-2018 07:36:40 UTC] PHP Parse error:  syntax error, unexpected 'echo' (T_ECHO), expecting ',' or ';' in /home/nt67/Documents/php/perfect_php/sand/variables.php on line 7
[11-Oct-2018 07:37:38 UTC] PHP Parse error:  syntax error, unexpected '0x10' (T_LNUMBER), expecting ',' or ';' in /home/nt67/Documents/php/perfect_php/sand/variables.php on line 7
[11-Oct-2018 07:45:18 UTC] PHP Notice:  Undefined variable: yourNameIsGod in /home/nt67/Documents/php/perfect_php/sand/variables.php on line 36
[11-Oct-2018 07:47:04 UTC] PHP Notice:  Undefined variable: yourNameIsGod in /home/nt67/Documents/php/perfect_php/sand/variables.php on line 36
[11-Oct-2018 07:49:50 UTC] PHP Notice:  Undefined variable: yourNameIsGod in /home/nt67/Documents/php/perfect_php/sand/variables.php on line 36
[11-Oct-2018 07:50:37 UTC] PHP Parse error:  syntax error, unexpected 'const' (T_CONST) in /home/nt67/Documents/php/perfect_php/sand/variables.php on line 52
[11-Oct-2018 07:50:57 UTC] PHP Parse error:  syntax error, unexpected 'echo' (T_ECHO) in /home/nt67/Documents/php/perfect_php/sand/variables.php on line 52
[11-Oct-2018 07:51:15 UTC] PHP Notice:  Undefined variable: yourNameIsGod in /home/nt67/Documents/php/perfect_php/sand/variables.php on line 36
[11-Oct-2018 07:51:15 UTC] PHP Notice:  Use of undefined constant lorem - assumed 'lorem' in /home/nt67/Documents/php/perfect_php/sand/variables.php on line 57
[11-Oct-2018 07:51:36 UTC] PHP Notice:  Undefined variable: yourNameIsGod in /home/nt67/Documents/php/perfect_php/sand/variables.php on line 36
[11-Oct-2018 07:51:36 UTC] PHP Notice:  Use of undefined constant lorem - assumed 'lorem' in /home/nt67/Documents/php/perfect_php/sand/variables.php on line 66
[11-Oct-2018 07:51:54 UTC] PHP Parse error:  syntax error, unexpected end of file in /home/nt67/Documents/php/perfect_php/sand/variables.php on line 69
[11-Oct-2018 07:52:18 UTC] PHP Parse error:  syntax error, unexpected end of file in /home/nt67/Documents/php/perfect_php/sand/variables.php on line 66
[11-Oct-2018 07:52:40 UTC] PHP Parse error:  syntax error, unexpected end of file in /home/nt67/Documents/php/perfect_php/sand/variables.php on line 65
[11-Oct-2018 07:52:54 UTC] PHP Parse error:  syntax error, unexpected end of file in /home/nt67/Documents/php/perfect_php/sand/variables.php on line 65
[11-Oct-2018 07:53:13 UTC] PHP Notice:  Undefined variable: yourNameIsGod in /home/nt67/Documents/php/perfect_php/sand/variables.php on line 36
[11-Oct-2018 07:54:20 UTC] PHP Notice:  Undefined variable: yourNameIsGod in /home/nt67/Documents/php/perfect_php/sand/variables.php on line 36
[11-Oct-2018 08:01:19 UTC] PHP Notice:  Undefined variable: yourNameIsGod in /home/nt67/Documents/php/perfect_php/sand/variables.php on line 35
[11-Oct-2018 08:02:46 UTC] PHP Notice:  Undefined variable: yourNameIsGod in /home/nt67/Documents/php/perfect_php/sand/variables.php on line 35
[11-Oct-2018 08:03:31 UTC] PHP Notice:  Undefined variable: yourNameIsGod in /home/nt67/Documents/php/perfect_php/sand/variables.php on line 35
[11-Oct-2018 08:03:46 UTC] PHP Notice:  Undefined variable: yourNameIsGod in /home/nt67/Documents/php/perfect_php/sand/variables.php on line 35
[11-Oct-2018 08:04:04 UTC] PHP Notice:  Undefined variable: yourNameIsGod in /home/nt67/Documents/php/perfect_php/sand/variables.php on line 35
[11-Oct-2018 08:04:14 UTC] PHP Notice:  Undefined variable: yourNameIsGod in /home/nt67/Documents/php/perfect_php/sand/variables.php on line 35
[11-Oct-2018 08:04:33 UTC] PHP Notice:  Undefined variable: yourNameIsGod in /home/nt67/Documents/php/perfect_php/sand/variables.php on line 35
[11-Oct-2018 08:04:41 UTC] PHP Notice:  Undefined variable: yourNameIsGod in /home/nt67/Documents/php/perfect_php/sand/variables.php on line 35
[11-Oct-2018 08:06:45 UTC] PHP Notice:  Undefined variable: yourNameIsGod in /home/nt67/Documents/php/perfect_php/sand/variables.php on line 35
[11-Oct-2018 08:07:05 UTC] PHP Notice:  Undefined variable: yourNameIsGod in /home/nt67/Documents/php/perfect_php/sand/variables.php on line 35
[11-Oct-2018 08:10:21 UTC] PHP Notice:  Undefined variable: yourNameIsGod in /home/nt67/Documents/php/perfect_php/sand/variables.php on line 35
[11-Oct-2018 08:10:29 UTC] PHP Notice:  Undefined variable: yourNameIsGod in /home/nt67/Documents/php/perfect_php/sand/variables.php on line 35
[11-Oct-2018 08:11:31 UTC] PHP Notice:  Undefined variable: yourNameIsGod in /home/nt67/Documents/php/perfect_php/sand/variables.php on line 35
[11-Oct-2018 08:35:36 UTC] PHP Notice:  Undefined variable: yourNameIsGod in /home/nt67/Documents/php/perfect_php/sand/variables.php on line 35
[11-Oct-2018 11:36:18 UTC] PHP Parse error:  syntax error, unexpected 'var_dump' (T_STRING), expecting ',' or ';' in /home/nt67/Documents/php/perfect_php/sand/operator.php on line 27
[11-Oct-2018 11:37:26 UTC] PHP Parse error:  syntax error, unexpected '=' in /home/nt67/Documents/php/perfect_php/sand/operator.php on line 31
[11-Oct-2018 11:37:32 UTC] PHP Parse error:  syntax error, unexpected '=' in /home/nt67/Documents/php/perfect_php/sand/operator.php on line 31
[11-Oct-2018 12:21:13 UTC] PHP Notice:  Undefined offset: 0 in /home/nt67/Documents/php/perfect_php/sand/array.php on line 14
[11-Oct-2018 12:21:18 UTC] PHP Notice:  Undefined offset: 0 in /home/nt67/Documents/php/perfect_php/sand/array.php on line 14
[11-Oct-2018 12:21:30 UTC] PHP Notice:  Undefined offset: 0 in /home/nt67/Documents/php/perfect_php/sand/array.php on line 14
[11-Oct-2018 12:21:30 UTC] PHP Notice:  Undefined offset: 4 in /home/nt67/Documents/php/perfect_php/sand/array.php on line 18
[11-Oct-2018 12:21:43 UTC] PHP Notice:  Undefined offset: 0 in /home/nt67/Documents/php/perfect_php/sand/array.php on line 15
[11-Oct-2018 12:21:58 UTC] PHP Notice:  Undefined offset: 0 in /home/nt67/Documents/php/perfect_php/sand/array.php on line 16
[11-Oct-2018 12:22:19 UTC] PHP Notice:  Undefined offset: 0 in /home/nt67/Documents/php/perfect_php/sand/array.php on line 16
[11-Oct-2018 12:22:25 UTC] PHP Notice:  Undefined offset: 0 in /home/nt67/Documents/php/perfect_php/sand/array.php on line 16
[11-Oct-2018 12:22:39 UTC] PHP Notice:  Undefined offset: 0 in /home/nt67/Documents/php/perfect_php/sand/array.php on line 16
